<?xml version="1.0" encoding="UTF-8" ?>
<testsuite failures="0" time="0.001" errors="0" skipped="0" tests="1" name="net.sf.taverna.t2.activities.xmpp.query.XMPPActivityItemTest">
  <properties>
    <property name="java.vendor" value="Sun Microsystems Inc."/>
    <property name="env.SESSION_MANAGER" value="local/jordan:/tmp/.ICE-unix/6353"/>
    <property name="env.LESSOPEN" value="| /usr/bin/lesspipe %s"/>
    <property name="localRepository" value="/home/egonw/.m2/repository"/>
    <property name="sun.java.launcher" value="SUN_STANDARD"/>
    <property name="sun.management.compiler" value="HotSpot Tiered Compilers"/>
    <property name="env.COLORFGBG" value="15;0"/>
    <property name="os.name" value="Linux"/>
    <property name="sun.boot.class.path" value="/usr/lib/jvm/java-6-openjdk/jre/lib/resources.jar:/usr/lib/jvm/java-6-openjdk/jre/lib/rt.jar:/usr/lib/jvm/java-6-openjdk/jre/lib/sunrsasign.jar:/usr/lib/jvm/java-6-openjdk/jre/lib/jsse.jar:/usr/lib/jvm/java-6-openjdk/jre/lib/jce.jar:/usr/lib/jvm/java-6-openjdk/jre/lib/charsets.jar:/usr/lib/jvm/java-6-openjdk/jre/lib/rhino.jar:/usr/lib/jvm/java-6-openjdk/jre/classes"/>
    <property name="env.PWD" value="/home/egonw/var/Projects/GitHub/xws-taverna"/>
    <property name="env.XDG_SESSION_COOKIE" value="ba75aba74e7fdbc50db6bc4b4943a208-1232267238.171550-385287738"/>
    <property name="env.LANG" value="en_US.UTF-8"/>
    <property name="java.vm.specification.vendor" value="Sun Microsystems Inc."/>
    <property name="java.runtime.version" value="1.6.0_0-b12"/>
    <property name="env.DISPLAY" value=":0"/>
    <property name="user.name" value="egonw"/>
    <property name="env._" value="/usr/bin/mvn"/>
    <property name="env.USER" value="egonw"/>
    <property name="env.HISTCONTROL" value="ignoreboth"/>
    <property name="env.SHELL" value="/bin/bash"/>
    <property name="env.DESKTOP_SESSION" value="default"/>
    <property name="env.XDG_DATA_DIRS" value="/usr/share:/usr/share:/usr/local/share"/>
    <property name="env.NLSPATH" value="/usr/dt/lib/nls/msg/%L/%N.cat"/>
    <property name="env.PATH" value="/home/egonw/bin:/usr/local/sbin:/usr/local/bin:/usr/sbin:/usr/bin:/sbin:/bin:/usr/games"/>
    <property name="user.language" value="en"/>
    <property name="env.GS_LIB" value="/home/egonw/.fonts"/>
    <property name="sun.boot.library.path" value="/usr/lib/jvm/java-6-openjdk/jre/lib/i386"/>
    <property name="classworlds.conf" value="/usr/share/maven2/bin/m2.conf"/>
    <property name="env.QT_PLUGIN_PATH" value="/home/egonw/.kde/lib/kde4/plugins/:/usr/lib/kde4/plugins/"/>
    <property name="env.KDE_SESSION_UID" value=""/>
    <property name="java.version" value="1.6.0_0"/>
    <property name="env.KDE_FULL_SESSION" value="true"/>
    <property name="user.timezone" value="Europe/Stockholm"/>
    <property name="env.DBUS_SESSION_BUS_ADDRESS" value="unix:abstract=/tmp/dbus-NN8j1swto6,guid=4207e3f5d828fdea74102f6c4972e7e6"/>
    <property name="sun.arch.data.model" value="32"/>
    <property name="env.SSH_AGENT_PID" value="6257"/>
    <property name="user.zoneinfo.dir" value="/usr/share/javazi"/>
    <property name="java.endorsed.dirs" value="/usr/lib/jvm/java-6-openjdk/jre/lib/endorsed"/>
    <property name="sun.cpu.isalist" value=""/>
    <property name="sun.jnu.encoding" value="UTF-8"/>
    <property name="file.encoding.pkg" value="sun.io"/>
    <property name="env.SHLVL" value="1"/>
    <property name="file.separator" value="/"/>
    <property name="java.specification.name" value="Java Platform API Specification"/>
    <property name="env.XCURSOR_THEME" value="oxy-white"/>
    <property name="java.class.version" value="50.0"/>
    <property name="env.KDE_SESSION_VERSION" value="4"/>
    <property name="user.country" value="US"/>
    <property name="java.home" value="/usr/lib/jvm/java-6-openjdk/jre"/>
    <property name="java.vm.info" value="mixed mode"/>
    <property name="env.LOGNAME" value="egonw"/>
    <property name="os.version" value="2.6.27-9-generic"/>
    <property name="raven.eclipse" value="true"/>
    <property name="path.separator" value=":"/>
    <property name="javax.accessibility.assistive_technologies" value="org.GNOME.Accessibility.JavaBridge"/>
    <property name="java.vm.version" value="1.6.0_0-b12"/>
    <property name="env.LANGUAGE" value="en_US"/>
    <property name="env.DESKTOP_STARTUP_ID" value=""/>
    <property name="env.DM_CONTROL" value="/var/run/xdmctl"/>
    <property name="java.awt.printerjob" value="sun.print.PSPrinterJob"/>
    <property name="env.TERM" value="xterm"/>
    <property name="env.WINDOWPATH" value="7"/>
    <property name="sun.io.unicode.encoding" value="UnicodeLittle"/>
    <property name="user.home" value="/home/egonw"/>
    <property name="env.OLDPWD" value="/home/egonw"/>
    <property name="java.specification.vendor" value="Sun Microsystems Inc."/>
    <property name="env.WINDOWID" value="35651586"/>
    <property name="java.library.path" value="/usr/lib/jvm/java-6-openjdk/jre/lib/i386/server:/usr/lib/jvm/java-6-openjdk/jre/lib/i386:/usr/lib/jvm/java-6-openjdk/jre/../lib/i386:/usr/java/packages/lib/i386:/lib:/usr/lib"/>
    <property name="java.vendor.url" value="http://java.sun.com/"/>
    <property name="java.vm.vendor" value="Sun Microsystems Inc."/>
    <property name="java.runtime.name" value="IcedTea6 1.3.1 (6b12-0ubuntu6) Runtime Environment"/>
    <property name="maven.home" value="/usr/share/maven2"/>
    <property name="java.class.path" value="/usr/share/maven2/boot/classworlds.jar"/>
    <property name="env.KONSOLE_DBUS_SESSION" value="/Sessions/11"/>
    <property name="env.XFILESEARCHPATH" value="/usr/dt/app-defaults/%L/Dt"/>
    <property name="java.vm.specification.name" value="Java Virtual Machine Specification"/>
    <property name="java.vm.specification.version" value="1.0"/>
    <property name="env.XDM_MANAGED" value="method=classic"/>
    <property name="sun.os.patch.level" value="unknown"/>
    <property name="sun.cpu.endian" value="little"/>
    <property name="env.HOME" value="/home/egonw"/>
    <property name="java.awt.headless" value="true"/>
    <property name="surefire.test.class.path" value="/home/egonw/var/Projects/GitHub/xws-taverna/xmpp-activity-ui/target/test-classes:/home/egonw/var/Projects/GitHub/xws-taverna/xmpp-activity-ui/target/classes:/home/egonw/.m2/repository/net/sf/taverna/t2/workbench/activity-icons/0.2/activity-icons-0.2.jar:/home/egonw/.m2/repository/net/sf/taverna/t2/workbench/activity-palette-impl/0.2/activity-palette-impl-0.2.jar:/home/egonw/.m2/repository/net/sf/taverna/t2/workbench/activity-palette-api/0.2/activity-palette-api-0.2.jar:/home/egonw/.m2/repository/net/sf/taverna/t2/spi-discovery-api/0.4/spi-discovery-api-0.4.jar:/home/egonw/.m2/repository/net/sf/taverna/t2/observer/0.4/observer-0.4.jar:/home/egonw/.m2/repository/log4j/log4j/1.2.13/log4j-1.2.13.jar:/home/egonw/.m2/repository/uk/org/mygrid/taverna/raven/raven/1.9/raven-1.9.jar:/home/egonw/.m2/repository/uk/org/mygrid/taverna/raven/raven-log4j/1.9/raven-log4j-1.9.jar:/home/egonw/.m2/repository/uk/org/mygrid/taverna/raven/appconfig/1.9/appconfig-1.9.jar:/home/egonw/.m2/repository/uk/org/mygrid/taverna/raven/launcher-api/1.9/launcher-api-1.9.jar:/home/egonw/.m2/repository/uk/org/mygrid/taverna/raven/prelauncher/1.9/prelauncher-1.9.jar:/home/egonw/.m2/repository/net/sf/taverna/t2/partition/0.4/partition-0.4.jar:/home/egonw/.m2/repository/net/sf/taverna/t2/workbench/configuration-api/0.2/configuration-api-0.2.jar:/home/egonw/.m2/repository/net/sf/opencsv/opencsv/1.8/opencsv-1.8.jar:/home/egonw/.m2/repository/commons-io/commons-io/1.3.1/commons-io-1.3.1.jar:/home/egonw/.m2/repository/net/sf/taverna/t2/workflowmodel-api/0.4/workflowmodel-api-0.4.jar:/home/egonw/.m2/repository/net/sf/taverna/t2/t2reference-api/0.2/t2reference-api-0.2.jar:/home/egonw/.m2/repository/org/springframework/spring-tx/2.5.4/spring-tx-2.5.4.jar:/home/egonw/.m2/repository/commons-logging/commons-logging/1.1.1/commons-logging-1.1.1.jar:/home/egonw/.m2/repository/org/springframework/spring-beans/2.5.4/spring-beans-2.5.4.jar:/home/egonw/.m2/repository/org/springframework/spring-core/2.5.4/spring-core-2.5.4.jar:/home/egonw/.m2/repository/org/springframework/spring-context/2.5.4/spring-context-2.5.4.jar:/home/egonw/.m2/repository/aopalliance/aopalliance/1.0/aopalliance-1.0.jar:/home/egonw/.m2/repository/net/sf/taverna/t2/security-api/0.4/security-api-0.4.jar:/home/egonw/.m2/repository/net/sf/taverna/t2/provenanceconnector-api/0.4/provenanceconnector-api-0.4.jar:/home/egonw/.m2/repository/jdom/jdom/1.0/jdom-1.0.jar:/home/egonw/.m2/repository/commons-collections/commons-collections/3.2/commons-collections-3.2.jar:/home/egonw/var/Projects/GitHub/xws-taverna/xmpp-activity/target/xmpp-activity-0.4.jar:/home/egonw/.m2/repository/net/sf/taverna/t2/workbench/contextual-views-impl/0.2/contextual-views-impl-0.2.jar:/home/egonw/.m2/repository/javax/help/javahelp/2.0.02/javahelp-2.0.02.jar:/home/egonw/.m2/repository/net/sf/taverna/t2/workbench/contextual-views-api/0.2/contextual-views-api-0.2.jar:/home/egonw/.m2/repository/net/sf/taverna/t2/workbench/configuration-impl/0.2/configuration-impl-0.2.jar:/home/egonw/.m2/repository/net/sf/taverna/t2/workbench/menu-api/0.2/menu-api-0.2.jar:/home/egonw/.m2/repository/net/sf/taverna/t2/workbench/commons-icons/0.2/commons-icons-0.2.jar:/home/egonw/.m2/repository/net/sf/taverna/t2/workbench/helper/0.2/helper-0.2.jar:/home/egonw/.m2/repository/net/sf/taverna/t2/workbench/ui-api/0.2/ui-api-0.2.jar:/home/egonw/.m2/repository/net/sf/taverna/t2/lang/ui/0.4/ui-0.4.jar:/home/egonw/.m2/repository/net/sf/taverna/t2/workbench/ui-impl/0.2/ui-impl-0.2.jar:/home/egonw/.m2/repository/uk/org/mygrid/taverna/osxapplication/1.5.1/osxapplication-1.5.1.jar:/home/egonw/.m2/repository/net/sf/taverna/t2/workbench/perspective-core/1.9/perspective-core-1.9.jar:/home/egonw/.m2/repository/net/sf/taverna/t2/workbench/file-api/0.2/file-api-0.2.jar:/home/egonw/.m2/repository/net/sf/taverna/t2/workbench/edits-api/0.2/edits-api-0.2.jar:/home/egonw/.m2/repository/net/sf/taverna/t2/workbench/file-impl/0.2/file-impl-0.2.jar:/home/egonw/.m2/repository/net/sf/taverna/t2/workflowmodel-impl/0.4/workflowmodel-impl-0.4.jar:/home/egonw/.m2/repository/net/sf/taverna/t2/provenanceconnector-impl/0.4/provenanceconnector-impl-0.4.jar:/home/egonw/.m2/repository/com/thoughtworks/xstream/xstream/1.2.1/xstream-1.2.1.jar:/home/egonw/.m2/repository/xpp3/xpp3_min/1.1.3.4.O/xpp3_min-1.1.3.4.O.jar:/home/egonw/.m2/repository/commons-lang/commons-lang/2.4/commons-lang-2.4.jar:/home/egonw/.m2/repository/commons-codec/commons-codec/1.3/commons-codec-1.3.jar:/home/egonw/.m2/repository/uk/org/mygrid/taverna/zaria/1.9/zaria-1.9.jar:/home/egonw/.m2/repository/net/sf/taverna/t2/workbench/edits-impl/0.2/edits-impl-0.2.jar:/home/egonw/.m2/repository/net/sf/taverna/t2/workbench/iteration-strategy-ui/0.2/iteration-strategy-ui-0.2.jar:/home/egonw/.m2/repository/junit/junit/4.4/junit-4.4.jar:"/>
    <property name="java.io.tmpdir" value="/tmp"/>
    <property name="env.LD_LIBRARY_PATH" value="/usr/lib/jvm/java-6-openjdk/jre/lib/i386/server:/usr/lib/jvm/java-6-openjdk/jre/lib/i386:/usr/lib/jvm/java-6-openjdk/jre/../lib/i386"/>
    <property name="env.LS_COLORS" value="no=00:fi=00:di=01;34:ln=01;36:pi=40;33:so=01;35:do=01;35:bd=40;33;01:cd=40;33;01:or=40;31;01:su=37;41:sg=30;43:tw=30;42:ow=34;42:st=37;44:ex=01;32:*.tar=01;31:*.tgz=01;31:*.svgz=01;31:*.arj=01;31:*.taz=01;31:*.lzh=01;31:*.lzma=01;31:*.zip=01;31:*.z=01;31:*.Z=01;31:*.dz=01;31:*.gz=01;31:*.bz2=01;31:*.bz=01;31:*.tbz2=01;31:*.tz=01;31:*.deb=01;31:*.rpm=01;31:*.jar=01;31:*.rar=01;31:*.ace=01;31:*.zoo=01;31:*.cpio=01;31:*.7z=01;31:*.rz=01;31:*.jpg=01;35:*.jpeg=01;35:*.gif=01;35:*.bmp=01;35:*.pbm=01;35:*.pgm=01;35:*.ppm=01;35:*.tga=01;35:*.xbm=01;35:*.xpm=01;35:*.tif=01;35:*.tiff=01;35:*.png=01;35:*.svg=01;35:*.mng=01;35:*.pcx=01;35:*.mov=01;35:*.mpg=01;35:*.mpeg=01;35:*.m2v=01;35:*.mkv=01;35:*.ogm=01;35:*.mp4=01;35:*.m4v=01;35:*.mp4v=01;35:*.vob=01;35:*.qt=01;35:*.nuv=01;35:*.wmv=01;35:*.asf=01;35:*.rm=01;35:*.rmvb=01;35:*.flc=01;35:*.avi=01;35:*.fli=01;35:*.gl=01;35:*.dl=01;35:*.xcf=01;35:*.xwd=01;35:*.yuv=01;35:*.aac=00;36:*.au=00;36:*.flac=00;36:*.mid=00;36:*.midi=00;36:*.mka=00;36:*.mp3=00;36:*.mpc=00;36:*.ogg=00;36:*.ra=00;36:*.wav=00;36:"/>
    <property name="java.vendor.url.bug" value="http://java.sun.com/cgi-bin/bugreport.cgi"/>
    <property name="env.SSH_AUTH_SOCK" value="/tmp/ssh-ferPBs6215/agent.6215"/>
    <property name="java.awt.graphicsenv" value="sun.awt.X11GraphicsEnvironment"/>
    <property name="os.arch" value="i386"/>
    <property name="java.ext.dirs" value="/usr/lib/jvm/java-6-openjdk/jre/lib/ext:/usr/java/packages/lib/ext"/>
    <property name="user.dir" value="/home/egonw/var/Projects/GitHub/xws-taverna/xmpp-activity-ui"/>
    <property name="line.separator" value="
"/>
    <property name="java.vm.name" value="OpenJDK Server VM"/>
    <property name="env.GTK2_RC_FILES" value="/home/egonw/.gtkrc-2.0-kde4"/>
    <property name="basedir" value="/home/egonw/var/Projects/GitHub/xws-taverna/xmpp-activity-ui"/>
    <property name="file.encoding" value="UTF-8"/>
    <property name="env.KONSOLE_DBUS_SERVICE" value=":1.28"/>
    <property name="env.GPG_AGENT_INFO" value="/tmp/gpg-0OVtNN/S.gpg-agent:6258:1"/>
    <property name="java.specification.version" value="1.6"/>
    <property name="env.PROFILEHOME" value=""/>
    <property name="env.LESSCLOSE" value="/usr/bin/lesspipe %s %s"/>
  </properties>
  <testcase time="0.001" classname="net.sf.taverna.t2.activities.xmpp.query.XMPPActivityItemTest" name="getIcon"/>
</testsuite>